  Ficheiros.c
C:\Users\jjard\OneDrive\Ambiente de Trabalho\André\Universidade\2º SEMESTRE 1º ANO\EDA\TRABALHO PRÁTICO\Trabalho_Pratico\TrabalhoPratico\TrabalhoPratico\Ficheiros.c(30,14): warning C4477: 'fscanf' : format string '%d' requires an argument of type 'int *', but variadic argument 3 has type 'int'
C:\Users\jjard\OneDrive\Ambiente de Trabalho\André\Universidade\2º SEMESTRE 1º ANO\EDA\TRABALHO PRÁTICO\Trabalho_Pratico\TrabalhoPratico\TrabalhoPratico\Ficheiros.c(33,18): warning C4133: 'function': incompatible types - from 'char *' to 'FILE *'
C:\Users\jjard\OneDrive\Ambiente de Trabalho\André\Universidade\2º SEMESTRE 1º ANO\EDA\TRABALHO PRÁTICO\Trabalho_Pratico\TrabalhoPratico\TrabalhoPratico\Ficheiros.c(57,15): warning C4477: 'fscanf' : format string '%d' requires an argument of type 'int *', but variadic argument 2 has type 'int'
C:\Users\jjard\OneDrive\Ambiente de Trabalho\André\Universidade\2º SEMESTRE 1º ANO\EDA\TRABALHO PRÁTICO\Trabalho_Pratico\TrabalhoPratico\TrabalhoPratico\Ficheiros.c(57,15): warning C4477: 'fscanf' : format string '%d' requires an argument of type 'int *', but variadic argument 3 has type 'int'
C:\Users\jjard\OneDrive\Ambiente de Trabalho\André\Universidade\2º SEMESTRE 1º ANO\EDA\TRABALHO PRÁTICO\Trabalho_Pratico\TrabalhoPratico\TrabalhoPratico\Ficheiros.c(57,15): warning C4477: 'fscanf' : format string '%d' requires an argument of type 'int *', but variadic argument 5 has type 'int'
C:\Users\jjard\OneDrive\Ambiente de Trabalho\André\Universidade\2º SEMESTRE 1º ANO\EDA\TRABALHO PRÁTICO\Trabalho_Pratico\TrabalhoPratico\TrabalhoPratico\Ficheiros.c(60,18): warning C4133: 'function': incompatible types - from 'char *' to 'FILE *'
C:\Users\jjard\OneDrive\Ambiente de Trabalho\André\Universidade\2º SEMESTRE 1º ANO\EDA\TRABALHO PRÁTICO\Trabalho_Pratico\TrabalhoPratico\TrabalhoPratico\Ficheiros.c(84,15): warning C4477: 'fscanf' : format string '%s' requires an argument of type 'char *', but variadic argument 1 has type 'int'
C:\Users\jjard\OneDrive\Ambiente de Trabalho\André\Universidade\2º SEMESTRE 1º ANO\EDA\TRABALHO PRÁTICO\Trabalho_Pratico\TrabalhoPratico\TrabalhoPratico\Ficheiros.c(84,15): warning C4477: 'fscanf' : format string '%d' requires an argument of type 'int *', but variadic argument 2 has type 'int'
C:\Users\jjard\OneDrive\Ambiente de Trabalho\André\Universidade\2º SEMESTRE 1º ANO\EDA\TRABALHO PRÁTICO\Trabalho_Pratico\TrabalhoPratico\TrabalhoPratico\Ficheiros.c(84,15): warning C4477: 'fscanf' : format string '%d' requires an argument of type 'int *', but variadic argument 3 has type 'int'
C:\Users\jjard\OneDrive\Ambiente de Trabalho\André\Universidade\2º SEMESTRE 1º ANO\EDA\TRABALHO PRÁTICO\Trabalho_Pratico\TrabalhoPratico\TrabalhoPratico\Ficheiros.c(84,15): warning C4477: 'fscanf' : format string '%d' requires an argument of type 'int *', but variadic argument 4 has type 'int'
C:\Users\jjard\OneDrive\Ambiente de Trabalho\André\Universidade\2º SEMESTRE 1º ANO\EDA\TRABALHO PRÁTICO\Trabalho_Pratico\TrabalhoPratico\TrabalhoPratico\Ficheiros.c(87,18): warning C4133: 'function': incompatible types - from 'char *' to 'FILE *'
  Funcoes.c
C:\Users\jjard\OneDrive\Ambiente de Trabalho\André\Universidade\2º SEMESTRE 1º ANO\EDA\TRABALHO PRÁTICO\Trabalho_Pratico\TrabalhoPratico\TrabalhoPratico\Funcoes.c(28,2): warning C4013: 'strcpy' undefined; assuming extern returning int
C:\Users\jjard\OneDrive\Ambiente de Trabalho\André\Universidade\2º SEMESTRE 1º ANO\EDA\TRABALHO PRÁTICO\Trabalho_Pratico\TrabalhoPratico\TrabalhoPratico\Funcoes.c(33,22): warning C4553: '==': result of expression not used; did you intend '='?
C:\Users\jjard\OneDrive\Ambiente de Trabalho\André\Universidade\2º SEMESTRE 1º ANO\EDA\TRABALHO PRÁTICO\Trabalho_Pratico\TrabalhoPratico\TrabalhoPratico\Funcoes.c(162,17): warning C4553: '==': result of expression not used; did you intend '='?
C:\Users\jjard\OneDrive\Ambiente de Trabalho\André\Universidade\2º SEMESTRE 1º ANO\EDA\TRABALHO PRÁTICO\Trabalho_Pratico\TrabalhoPratico\TrabalhoPratico\Funcoes.c(189,25): warning C4047: '==': 'char [9]' differs in levels of indirection from 'int'
C:\Users\jjard\OneDrive\Ambiente de Trabalho\André\Universidade\2º SEMESTRE 1º ANO\EDA\TRABALHO PRÁTICO\Trabalho_Pratico\TrabalhoPratico\TrabalhoPratico\Funcoes.c(196,19): warning C4474: 'scanf_s' : too many arguments passed for format string
C:\Users\jjard\OneDrive\Ambiente de Trabalho\André\Universidade\2º SEMESTRE 1º ANO\EDA\TRABALHO PRÁTICO\Trabalho_Pratico\TrabalhoPratico\TrabalhoPratico\Funcoes.c(196,19): message : placeholders and their parameters expect 0 variadic arguments, but 1 were provided
C:\Users\jjard\OneDrive\Ambiente de Trabalho\André\Universidade\2º SEMESTRE 1º ANO\EDA\TRABALHO PRÁTICO\Trabalho_Pratico\TrabalhoPratico\TrabalhoPratico\Funcoes.c(215,13): warning C4473: 'scanf_s' : not enough arguments passed for format string
C:\Users\jjard\OneDrive\Ambiente de Trabalho\André\Universidade\2º SEMESTRE 1º ANO\EDA\TRABALHO PRÁTICO\Trabalho_Pratico\TrabalhoPratico\TrabalhoPratico\Funcoes.c(215,13): message : placeholders and their parameters expect 2 variadic arguments, but 1 were provided
C:\Users\jjard\OneDrive\Ambiente de Trabalho\André\Universidade\2º SEMESTRE 1º ANO\EDA\TRABALHO PRÁTICO\Trabalho_Pratico\TrabalhoPratico\TrabalhoPratico\Funcoes.c(215,13): message : the missing variadic argument 2 is required by format string '%s'
C:\Users\jjard\OneDrive\Ambiente de Trabalho\André\Universidade\2º SEMESTRE 1º ANO\EDA\TRABALHO PRÁTICO\Trabalho_Pratico\TrabalhoPratico\TrabalhoPratico\Funcoes.c(215,13): message : this argument is used as a buffer size
C:\Users\jjard\OneDrive\Ambiente de Trabalho\André\Universidade\2º SEMESTRE 1º ANO\EDA\TRABALHO PRÁTICO\Trabalho_Pratico\TrabalhoPratico\TrabalhoPratico\Funcoes.c(185,9): warning C4101: 'j': unreferenced local variable
C:\Users\jjard\OneDrive\Ambiente de Trabalho\André\Universidade\2º SEMESTRE 1º ANO\EDA\TRABALHO PRÁTICO\Trabalho_Pratico\TrabalhoPratico\TrabalhoPratico\Funcoes.c(230,68): warning C4028: formal parameter 3 different from declaration
C:\Users\jjard\OneDrive\Ambiente de Trabalho\André\Universidade\2º SEMESTRE 1º ANO\EDA\TRABALHO PRÁTICO\Trabalho_Pratico\TrabalhoPratico\TrabalhoPratico\Funcoes.c(236,25): warning C4047: '==': 'int [50]' differs in levels of indirection from 'int'
C:\Users\jjard\OneDrive\Ambiente de Trabalho\André\Universidade\2º SEMESTRE 1º ANO\EDA\TRABALHO PRÁTICO\Trabalho_Pratico\TrabalhoPratico\TrabalhoPratico\Funcoes.c(243,19): warning C4474: 'scanf_s' : too many arguments passed for format string
C:\Users\jjard\OneDrive\Ambiente de Trabalho\André\Universidade\2º SEMESTRE 1º ANO\EDA\TRABALHO PRÁTICO\Trabalho_Pratico\TrabalhoPratico\TrabalhoPratico\Funcoes.c(243,19): message : placeholders and their parameters expect 0 variadic arguments, but 1 were provided
C:\Users\jjard\OneDrive\Ambiente de Trabalho\André\Universidade\2º SEMESTRE 1º ANO\EDA\TRABALHO PRÁTICO\Trabalho_Pratico\TrabalhoPratico\TrabalhoPratico\Funcoes.c(253,19): warning C4474: 'scanf_s' : too many arguments passed for format string
C:\Users\jjard\OneDrive\Ambiente de Trabalho\André\Universidade\2º SEMESTRE 1º ANO\EDA\TRABALHO PRÁTICO\Trabalho_Pratico\TrabalhoPratico\TrabalhoPratico\Funcoes.c(253,19): message : placeholders and their parameters expect 0 variadic arguments, but 1 were provided
C:\Users\jjard\OneDrive\Ambiente de Trabalho\André\Universidade\2º SEMESTRE 1º ANO\EDA\TRABALHO PRÁTICO\Trabalho_Pratico\TrabalhoPratico\TrabalhoPratico\Funcoes.c(263,19): warning C4474: 'scanf_s' : too many arguments passed for format string
C:\Users\jjard\OneDrive\Ambiente de Trabalho\André\Universidade\2º SEMESTRE 1º ANO\EDA\TRABALHO PRÁTICO\Trabalho_Pratico\TrabalhoPratico\TrabalhoPratico\Funcoes.c(263,19): message : placeholders and their parameters expect 0 variadic arguments, but 1 were provided
C:\Users\jjard\OneDrive\Ambiente de Trabalho\André\Universidade\2º SEMESTRE 1º ANO\EDA\TRABALHO PRÁTICO\Trabalho_Pratico\TrabalhoPratico\TrabalhoPratico\Funcoes.c(273,19): warning C4474: 'scanf_s' : too many arguments passed for format string
C:\Users\jjard\OneDrive\Ambiente de Trabalho\André\Universidade\2º SEMESTRE 1º ANO\EDA\TRABALHO PRÁTICO\Trabalho_Pratico\TrabalhoPratico\TrabalhoPratico\Funcoes.c(273,19): message : placeholders and their parameters expect 0 variadic arguments, but 1 were provided
C:\Users\jjard\OneDrive\Ambiente de Trabalho\André\Universidade\2º SEMESTRE 1º ANO\EDA\TRABALHO PRÁTICO\Trabalho_Pratico\TrabalhoPratico\TrabalhoPratico\Funcoes.c(283,19): warning C4474: 'scanf_s' : too many arguments passed for format string
C:\Users\jjard\OneDrive\Ambiente de Trabalho\André\Universidade\2º SEMESTRE 1º ANO\EDA\TRABALHO PRÁTICO\Trabalho_Pratico\TrabalhoPratico\TrabalhoPratico\Funcoes.c(283,19): message : placeholders and their parameters expect 0 variadic arguments, but 1 were provided
C:\Users\jjard\OneDrive\Ambiente de Trabalho\André\Universidade\2º SEMESTRE 1º ANO\EDA\TRABALHO PRÁTICO\Trabalho_Pratico\TrabalhoPratico\TrabalhoPratico\Funcoes.c(232,9): warning C4101: 'j': unreferenced local variable
  Main.c
  Generating Code...
C:\Users\jjard\OneDrive\Ambiente de Trabalho\André\Universidade\2º SEMESTRE 1º ANO\EDA\TRABALHO PRÁTICO\Trabalho_Pratico\TrabalhoPratico\TrabalhoPratico\Funcoes.c(228): warning C4715: 'alterarCliente': not all control paths return a value
C:\Users\jjard\OneDrive\Ambiente de Trabalho\André\Universidade\2º SEMESTRE 1º ANO\EDA\TRABALHO PRÁTICO\Trabalho_Pratico\TrabalhoPratico\TrabalhoPratico\Ficheiros.c(37): warning C4715: 'LerFicheiroClientesTXT': not all control paths return a value
C:\Users\jjard\OneDrive\Ambiente de Trabalho\André\Universidade\2º SEMESTRE 1º ANO\EDA\TRABALHO PRÁTICO\Trabalho_Pratico\TrabalhoPratico\TrabalhoPratico\Ficheiros.c(91): warning C4715: 'LerFicheiroAluguerTXT': not all control paths return a value
C:\Users\jjard\OneDrive\Ambiente de Trabalho\André\Universidade\2º SEMESTRE 1º ANO\EDA\TRABALHO PRÁTICO\Trabalho_Pratico\TrabalhoPratico\TrabalhoPratico\Ficheiros.c(64): warning C4715: 'LerFicheiroTransportesTXT': not all control paths return a value
  TrabalhoPratico.vcxproj -> C:\Users\jjard\OneDrive\Ambiente de Trabalho\André\Universidade\2º SEMESTRE 1º ANO\EDA\TRABALHO PRÁTICO\Trabalho_Pratico\TrabalhoPratico\x64\Debug\TrabalhoPratico.exe
